
{
	gl.supports_vertex_array_object: true
	cocos2d.x.version: quick-cocos2d-x 3.3
	gl.vendor: Intel Inc.
	gl.supports_PVRTC: false
	gl.renderer: Intel Iris OpenGL Engine
	cocos2d.x.compiled_with_profiler: false
	gl.max_texture_size: 16384
	gl.supports_ETC1: false
	gl.supports_BGRA8888: false
	cocos2d.x.build_type: DEBUG
	gl.supports_discard_framebuffer: false
	gl.supports_NPOT: true
	gl.supports_S3TC: true
	gl.version: 2.1 INTEL-10.0.86
	gl.supports_ATITC: false
	gl.max_texture_units: 16
	cocos2d.x.compiled_with_gl_state_cache: true
}


Quick-Cocos2d-x C++ support ready.
------------------------------------------------
LOAD LUA FILE: /Users/blackmiaool/Documents/coco2/QuickGame/src/main.lua
------------------------------------------------
[LUA-print] ===========================================================
[LUA-print]               LOAD QUICK FRAMEWORK
[LUA-print] ===========================================================
[LUA-print] [INFO] 
[LUA-print] [INFO] # DEBUG                        = 1
[LUA-print] [INFO] #
[LUA-print] [INFO] # device.platform              = mac
[LUA-print] [INFO] # device.model                 = unknown
[LUA-print] [INFO] # device.language              = cn
[LUA-print] [INFO] # device.writablePath          = /Users/blackmiaool/Documents/coco2/QuickGame/
[LUA-print] [INFO] # device.directorySeparator    = /
[LUA-print] [INFO] # device.pathSeparator         = :
[LUA-print] [INFO] #
libpng warning: iCCP: known incorrect sRGB profile
[LUA-print] [INFO] # CONFIG_SCREEN_AUTOSCALE      = FIXED_WIDTH
[LUA-print] [INFO] # CONFIG_SCREEN_WIDTH          = 320.00
[LUA-print] [INFO] # CONFIG_SCREEN_HEIGHT         = 480.00
[LUA-print] [INFO] # display.widthInPixels        = 640.00
[LUA-print] [INFO] # display.heightInPixels       = 960.00
[LUA-print] [INFO] # display.contentScaleFactor   = 2.00
[LUA-print] [INFO] # display.width                = 320.00
[LUA-print] [INFO] # display.height               = 480.00
[LUA-print] [INFO] # display.cx                   = 160.00
[LUA-print] [INFO] # display.cy                   = 240.00
[LUA-print] [INFO] # display.left                 = 0.00
[LUA-print] [INFO] # display.right                = 320.00
[LUA-print] [INFO] # display.top                  = 480.00
[LUA-print] [INFO] # display.bottom               = 0.00
[LUA-print] [INFO] # display.c_left               = -160.00
[LUA-print] [INFO] # display.c_right              = 160.00
[LUA-print] [INFO] # display.c_top                = 240.00
[LUA-print] [INFO] # display.c_bottom             = -240.00
[LUA-print] [INFO] #
[LUA-print] 0.28169014084507
libpng warning: iCCP: known incorrect sRGB profile
Node warning: setPhysicsBody sets anchor point to Vec2::ANCHOR_MIDDLE.
[LUA-print] /Users/blackmiaool/Documents/coco2/QuickGame/res/test.plist
Node warning: setPhysicsBody sets anchor point to Vec2::ANCHOR_MIDDLE.
cocos2d: SpriteBatchNode: resizing TextureAtlas capacity from [30] to [41].
[LUA-print] miao
[LUA-print] start
Get data from file(particleTexture.png) failed!
